====================
Fold 0 OOF
====================
Fold 0 AUC: 0.97245
Fold 0 Multi-disease Avg Score: 0.78708
Fold 0 Final score: 0.87976
====================
Fold 1 OOF
====================
Fold 1 AUC: 0.97136
Fold 1 Multi-disease Avg Score: 0.79153
Fold 1 Final score: 0.88144
====================
Fold 2 OOF
====================
Fold 2 AUC: 0.96065
Fold 2 Multi-disease Avg Score: 0.75551
Fold 2 Final score: 0.85808
====================
Fold 3 OOF
====================
Fold 3 AUC: 0.96573
Fold 3 Multi-disease Avg Score: 0.77782
Fold 3 Final score: 0.87177
====================
Fold 4 OOF
====================
Fold 4 AUC: 0.95981
Fold 4 Multi-disease Avg Score: 0.79072
Fold 4 Final score: 0.87527
AUC: 0.96557
Multi-disease Avg Score: 0.7534
Final score: 0.85949
====================
Fold 0 inference
====================
====================
Fold 1 inference
====================
====================
Fold 2 inference
====================
====================
Fold 3 inference
====================
====================
Fold 4 inference
====================
