====================
Fold 0 OOF
====================
Fold 0 AUC: 0.96954
Fold 0 Multi-disease Avg Score: 0.8128
Fold 0 Final score: 0.89117
====================
Fold 1 OOF
====================
Fold 1 AUC: 0.96765
Fold 1 Multi-disease Avg Score: 0.78029
Fold 1 Final score: 0.87397
====================
Fold 2 OOF
====================
Fold 2 AUC: 0.95961
Fold 2 Multi-disease Avg Score: 0.78753
Fold 2 Final score: 0.87357
====================
Fold 3 OOF
====================
Fold 3 AUC: 0.96908
Fold 3 Multi-disease Avg Score: 0.79812
Fold 3 Final score: 0.88360
====================
Fold 4 OOF
====================
Fold 4 AUC: 0.95765
Fold 4 Multi-disease Avg Score: 0.79673
Fold 4 Final score: 0.87719
AUC: 0.96384
Multi-disease Avg Score: 0.76856
Final score: 0.86620
====================
Fold 0 inference
====================
====================
Fold 1 inference
====================
====================
Fold 2 inference
====================
====================
Fold 3 inference
====================
====================
Fold 4 inference
====================
