====================
Fold 0 Training
====================
====================
Fold 1 Training
====================
====================
Fold 2 Training
====================
====================
Fold 3 Training
====================
====================
Fold 4 Training
====================
====================
Fold 0 OOF
====================
Fold 0 AUC: 0.96813
Fold 0 Multi-disease Avg Score: 0.78747
Fold 0 Final score: 0.87780
====================
Fold 1 OOF
====================
Fold 1 AUC: 0.96696
Fold 1 Multi-disease Avg Score: 0.77349
Fold 1 Final score: 0.87022
====================
Fold 2 OOF
====================
Fold 2 AUC: 0.96502
Fold 2 Multi-disease Avg Score: 0.75118
Fold 2 Final score: 0.85810
====================
Fold 3 OOF
====================
Fold 3 AUC: 0.96703
Fold 3 Multi-disease Avg Score: 0.77903
Fold 3 Final score: 0.87303
====================
Fold 4 OOF
====================
Fold 4 AUC: 0.96538
Fold 4 Multi-disease Avg Score: 0.78882
Fold 4 Final score: 0.87710
AUC: 0.96317
Multi-disease Avg Score: 0.74523
Final score: 0.85420
====================
Fold 0 inference
====================
====================
Fold 1 inference
====================
====================
Fold 2 inference
====================
====================
Fold 3 inference
====================
====================
Fold 4 inference
====================
