====================
Fold 0 OOF
====================
Fold 0 AUC: 0.97971
Fold 0 Multi-disease Avg Score: 0.79259
Fold 0 Final score: 0.88615
====================
Fold 1 OOF
====================
Fold 1 AUC: 0.96386
Fold 1 Multi-disease Avg Score: 0.78256
Fold 1 Final score: 0.87321
====================
Fold 2 OOF
====================
Fold 2 AUC: 0.97506
Fold 2 Multi-disease Avg Score: 0.79281
Fold 2 Final score: 0.88394
====================
Fold 3 OOF
====================
Fold 3 AUC: 0.97620
Fold 3 Multi-disease Avg Score: 0.77553
Fold 3 Final score: 0.87587
====================
Fold 4 OOF
====================
Fold 4 AUC: 0.96382
Fold 4 Multi-disease Avg Score: 0.77117
Fold 4 Final score: 0.86749
AUC: 0.96980
Multi-disease Avg Score: 0.75364
Final score: 0.86172
====================
Fold 0 inference
====================
====================
Fold 1 inference
====================
====================
Fold 2 inference
====================
====================
Fold 3 inference
====================
====================
Fold 4 inference
====================
