====================
Fold 0 OOF
====================
Fold 0 AUC: 0.96719
Fold 0 Multi-disease Avg Score: 0.78529
Fold 0 Final score: 0.87624
====================
Fold 1 OOF
====================
Fold 1 AUC: 0.95705
Fold 1 Multi-disease Avg Score: 0.7955
Fold 1 Final score: 0.87628
====================
Fold 2 OOF
====================
Fold 2 AUC: 0.96029
Fold 2 Multi-disease Avg Score: 0.73308
Fold 2 Final score: 0.84668
====================
Fold 3 OOF
====================
Fold 3 AUC: 0.96527
Fold 3 Multi-disease Avg Score: 0.79436
Fold 3 Final score: 0.87981
====================
Fold 4 OOF
====================
Fold 4 AUC: 0.95957
Fold 4 Multi-disease Avg Score: 0.78309
Fold 4 Final score: 0.87133
AUC: 0.96202
Multi-disease Avg Score: 0.75613
Final score: 0.85907
====================
Fold 0 inference
====================
====================
Fold 1 inference
====================
====================
Fold 2 inference
====================
====================
Fold 3 inference
====================
====================
Fold 4 inference
====================
