====================
Fold 0 OOF
====================
Fold 0 AUC: 0.96852
Fold 0 Multi-disease Avg Score: 0.76558
Fold 0 Final score: 0.86705
====================
Fold 1 OOF
====================
Fold 1 AUC: 0.96476
Fold 1 Multi-disease Avg Score: 0.78716
Fold 1 Final score: 0.87596
====================
Fold 2 OOF
====================
Fold 2 AUC: 0.96602
Fold 2 Multi-disease Avg Score: 0.78126
Fold 2 Final score: 0.87364
====================
Fold 3 OOF
====================
Fold 3 AUC: 0.96883
Fold 3 Multi-disease Avg Score: 0.79368
Fold 3 Final score: 0.88125
====================
Fold 4 OOF
====================
Fold 4 AUC: 0.96474
Fold 4 Multi-disease Avg Score: 0.77623
Fold 4 Final score: 0.87048
AUC: 0.96508
Multi-disease Avg Score: 0.76142
Final score: 0.86325
====================
Fold 0 inference
====================
====================
Fold 1 inference
====================
====================
Fold 2 inference
====================
====================
Fold 3 inference
====================
====================
Fold 4 inference
====================
