====================
Fold 0 Training
====================
====================
Fold 1 Training
====================
====================
Fold 2 Training
====================
====================
Fold 3 Training
====================
====================
Fold 4 Training
====================
====================
Fold 0 OOF
====================
Fold 0 AUC: 0.96945
Fold 0 Multi-disease Avg Score: 0.7915
Fold 0 Final score: 0.88048
====================
Fold 1 OOF
====================
Fold 1 AUC: 0.96879
Fold 1 Multi-disease Avg Score: 0.76596
Fold 1 Final score: 0.86738
====================
Fold 2 OOF
====================
Fold 2 AUC: 0.96538
Fold 2 Multi-disease Avg Score: 0.75942
Fold 2 Final score: 0.86240
====================
Fold 3 OOF
====================
Fold 3 AUC: 0.97394
Fold 3 Multi-disease Avg Score: 0.77664
Fold 3 Final score: 0.87529
====================
Fold 4 OOF
====================
Fold 4 AUC: 0.96029
Fold 4 Multi-disease Avg Score: 0.78814
Fold 4 Final score: 0.87422
AUC: 0.95920
Multi-disease Avg Score: 0.75089
Final score: 0.85504
====================
Fold 0 inference
====================
====================
Fold 1 inference
====================
====================
Fold 2 inference
====================
====================
Fold 3 inference
====================
====================
Fold 4 inference
====================
