====================
Fold 0 OOF
====================
Fold 0 Multi-disease Avg Score: 0.68766
====================
Fold 1 OOF
====================
Fold 1 Multi-disease Avg Score: 0.72652
====================
Fold 2 OOF
====================
Fold 2 Multi-disease Avg Score: 0.79035
====================
Fold 3 OOF
====================
Fold 3 Multi-disease Avg Score: 0.73357
====================
Fold 4 OOF
====================
Fold 4 Multi-disease Avg Score: 0.76875
Multi-disease Avg Score: 0.70451
====================
Fold 0 inference
====================
====================
Fold 1 inference
====================
====================
Fold 2 inference
====================
====================
Fold 3 inference
====================
====================
Fold 4 inference
====================
