====================
Fold 0 Training
====================
====================
Fold 0 Training
====================
====================
Fold 1 Training
====================
====================
Fold 2 Training
====================
====================
Fold 3 Training
====================
====================
Fold 4 Training
====================
====================
Fold 0 OOF
====================
Fold 0 AUC: 0.97595
Fold 0 Multi-disease Avg Score: 0.80278
Fold 0 Final score: 0.88937
====================
Fold 1 OOF
====================
Fold 1 AUC: 0.96427
Fold 1 Multi-disease Avg Score: 0.78093
Fold 1 Final score: 0.87260
====================
Fold 2 OOF
====================
Fold 2 AUC: 0.97426
Fold 2 Multi-disease Avg Score: 0.79015
Fold 2 Final score: 0.88221
====================
Fold 3 OOF
====================
Fold 3 AUC: 0.98022
Fold 3 Multi-disease Avg Score: 0.80516
Fold 3 Final score: 0.89269
====================
Fold 4 OOF
====================
Fold 4 AUC: 0.95745
Fold 4 Multi-disease Avg Score: 0.80654
Fold 4 Final score: 0.88200
AUC: 0.96932
Multi-disease Avg Score: 0.76882
Final score: 0.86907
====================
Fold 0 inference
====================
====================
Fold 1 inference
====================
====================
Fold 2 inference
====================
====================
Fold 3 inference
====================
====================
Fold 4 inference
====================
