====================
Fold 0 OOF
====================
Fold 0 AUC: 0.96843
Fold 0 Multi-disease Avg Score: 0.77728
Fold 0 Final score: 0.87286
====================
Fold 1 OOF
====================
Fold 1 AUC: 0.97001
Fold 1 Multi-disease Avg Score: 0.77811
Fold 1 Final score: 0.87406
====================
Fold 2 OOF
====================
Fold 2 AUC: 0.96962
Fold 2 Multi-disease Avg Score: 0.75174
Fold 2 Final score: 0.86068
====================
Fold 3 OOF
====================
Fold 3 AUC: 0.96644
Fold 3 Multi-disease Avg Score: 0.7896
Fold 3 Final score: 0.87802
====================
Fold 4 OOF
====================
Fold 4 AUC: 0.96205
Fold 4 Multi-disease Avg Score: 0.79313
Fold 4 Final score: 0.87759
AUC: 0.96567
Multi-disease Avg Score: 0.75227
Final score: 0.85897
====================
Fold 0 inference
====================
====================
Fold 1 inference
====================
====================
Fold 2 inference
====================
====================
Fold 3 inference
====================
====================
Fold 4 inference
====================
